\BOOKMARK [0][-]{chapter.1}{Introduction}{}% 1
\BOOKMARK [1][-]{section.1.1}{Problem Motivation}{chapter.1}% 2
\BOOKMARK [0][-]{chapter.2}{Background Survey}{}% 3
\BOOKMARK [1][-]{section.2.1}{Detective Stories}{chapter.2}% 4
\BOOKMARK [1][-]{section.2.2}{Machine Learning}{chapter.2}% 5
\BOOKMARK [1][-]{section.2.3}{Related Work}{chapter.2}% 6
\BOOKMARK [1][-]{section.2.4}{Existing apps}{chapter.2}% 7
\BOOKMARK [2][-]{subsection.2.4.1}{Detective apps}{section.2.4}% 8
\BOOKMARK [2][-]{subsection.2.4.2}{Predictive apps}{section.2.4}% 9
\BOOKMARK [0][-]{chapter.3}{Requirements}{}% 10
\BOOKMARK [1][-]{section.3.1}{High-level Functional Requirements}{chapter.3}% 11
\BOOKMARK [1][-]{section.3.2}{High-level Nonfunctional Requirements}{chapter.3}% 12
\BOOKMARK [1][-]{section.3.3}{Additional Requirements}{chapter.3}% 13
\BOOKMARK [1][-]{section.3.4}{Low-level Requirements}{chapter.3}% 14
\BOOKMARK [0][-]{chapter.4}{Design}{}% 15
\BOOKMARK [1][-]{section.4.1}{Data Gathering and Processing}{chapter.4}% 16
\BOOKMARK [1][-]{section.4.2}{System Architecture}{chapter.4}% 17
\BOOKMARK [1][-]{section.4.3}{User Interface Design}{chapter.4}% 18
\BOOKMARK [0][-]{chapter.5}{Implementation}{}% 19
\BOOKMARK [1][-]{section.5.1}{Technologies Used}{chapter.5}% 20
\BOOKMARK [2][-]{subsection.5.1.1}{Weka}{section.5.1}% 21
\BOOKMARK [2][-]{subsection.5.1.2}{Android}{section.5.1}% 22
\BOOKMARK [2][-]{subsection.5.1.3}{Django}{section.5.1}% 23
\BOOKMARK [2][-]{subsection.5.1.4}{Scrapy}{section.5.1}% 24
\BOOKMARK [1][-]{section.5.2}{Machine Learning Algorithm}{chapter.5}% 25
\BOOKMARK [1][-]{section.5.3}{Missing Values}{chapter.5}% 26
\BOOKMARK [1][-]{section.5.4}{Attributes Selection}{chapter.5}% 27
\BOOKMARK [1][-]{section.5.5}{Story Details Input}{chapter.5}% 28
\BOOKMARK [1][-]{section.5.6}{Prediction Output}{chapter.5}% 29
\BOOKMARK [1][-]{section.5.7}{Communication with the Server}{chapter.5}% 30
\BOOKMARK [1][-]{section.5.8}{Testing}{chapter.5}% 31
\BOOKMARK [0][-]{chapter.6}{Evaluation}{}% 32
\BOOKMARK [1][-]{section.6.1}{User Interface}{chapter.6}% 33
\BOOKMARK [2][-]{subsection.6.1.1}{Layouts}{section.6.1}% 34
\BOOKMARK [2][-]{subsection.6.1.2}{selector}{section.6.1}% 35
\BOOKMARK [1][-]{section.6.2}{Final App}{chapter.6}% 36
\BOOKMARK [0][-]{chapter.7}{Conclusion}{}% 37
\BOOKMARK [1][-]{section.7.1}{Summary}{chapter.7}% 38
\BOOKMARK [1][-]{section.7.2}{Limitations and Future Work}{chapter.7}% 39
\BOOKMARK [2][-]{subsection.7.2.1}{Additional functionalities}{section.7.2}% 40
\BOOKMARK [2][-]{subsection.7.2.2}{Accuracy}{section.7.2}% 41
\BOOKMARK [2][-]{subsection.7.2.3}{Scalability}{section.7.2}% 42
\BOOKMARK [1][-]{section.7.3}{Reflection on the Project}{chapter.7}% 43
\BOOKMARK [0][-]{appendix.A}{Training Set}{}% 44
\BOOKMARK [0][-]{appendix.B}{Second appendix}{}% 45
