This is pdfTeX, Version 3.14159265-2.6-1.40.17 (TeX Live 2016/W32TeX) (preloaded format=pdflatex 2016.8.16)  21 AUG 2016 19:11
entering extended mode
 restricted \write18 enabled.
 %&-line parsing enabled.
**./mproj.tex
(./mproj.tex
LaTeX2e <2016/03/31> patch level 3
Babel <3.9r> and hyphenation patterns for 83 language(s) loaded.
(./mproj.cls
Document Class: mproj 2009/01/09 Colin Perkins <csp@dcs.gla.ac.uk>.2009/09/16 M
odified by Tim Storer <tws@dcs.gla.ac.uk> to support non pdf modes.2011/02/15 M
odified by Gregg Hamilton <hamiltgr@dcs.gla.ac.uk> for use in final year projec
ts.2012/02/21 Modified by Gethin Norman <gethin.norman@glasgow.ac.uk> for use i
n masters projects and proposals.
(c:/texlive/2016/texmf-dist/tex/latex/base/report.cls
Document Class: report 2014/09/29 v1.4h Standard LaTeX document class
(c:/texlive/2016/texmf-dist/tex/latex/base/size11.clo
File: size11.clo 2014/09/29 v1.4h Standard LaTeX file (size option)
)
\c@part=\count79
\c@chapter=\count80
\c@section=\count81
\c@subsection=\count82
\c@subsubsection=\count83
\c@paragraph=\count84
\c@subparagraph=\count85
\c@figure=\count86
\c@table=\count87
\abovecaptionskip=\skip41
\belowcaptionskip=\skip42
\bibindent=\dimen102
))
(c:/texlive/2016/texmf-dist/tex/latex/caption/caption.sty
Package: caption 2016/02/21 v3.3-144 Customizing captions (AR)

(c:/texlive/2016/texmf-dist/tex/latex/caption/caption3.sty
Package: caption3 2016/05/22 v1.7-166 caption3 kernel (AR)
Package caption3 Info: TeX engine: e-TeX on input line 67.

(c:/texlive/2016/texmf-dist/tex/latex/graphics/keyval.sty
Package: keyval 2014/10/28 v1.15 key=value parser (DPC)
\KV@toks@=\toks14
)
\captionmargin=\dimen103
\captionmargin@=\dimen104
\captionwidth=\dimen105
\caption@tempdima=\dimen106
\caption@indent=\dimen107
\caption@parindent=\dimen108
\caption@hangindent=\dimen109
)
\c@ContinuedFloat=\count88
)
(c:/texlive/2016/texmf-dist/tex/latex/enumitem/enumitem.sty
Package: enumitem 2011/09/28 v3.5.2 Customized lists
\labelindent=\skip43
\enit@outerparindent=\dimen110
\enit@toks=\toks15
\enit@inbox=\box26
\enitdp@description=\count89
)
(c:/texlive/2016/texmf-dist/tex/latex/fancyvrb/fancyvrb.sty
Package: fancyvrb 2008/02/07

Style option: `fancyvrb' v2.7a, with DG/SPQR fixes, and firstline=lastline fix 
<2008/02/07> (tvz)
\FV@CodeLineNo=\count90
\FV@InFile=\read1
\FV@TabBox=\box27
\c@FancyVerbLine=\count91
\FV@StepNumber=\count92
\FV@OutFile=\write3
) (c:/texlive/2016/texmf-dist/tex/latex/geometry/geometry.sty
Package: geometry 2010/09/12 v5.6 Page Geometry
(c:/texlive/2016/texmf-dist/tex/generic/oberdiek/ifpdf.sty
Package: ifpdf 2016/05/14 v3.1 Provides the ifpdf switch
)
(c:/texlive/2016/texmf-dist/tex/generic/oberdiek/ifvtex.sty
Package: ifvtex 2016/05/16 v1.6 Detect VTeX and its facilities (HO)
Package ifvtex Info: VTeX not detected.
)
(c:/texlive/2016/texmf-dist/tex/generic/ifxetex/ifxetex.sty
Package: ifxetex 2010/09/12 v0.6 Provides ifxetex conditional
)
\Gm@cnth=\count93
\Gm@cntv=\count94
\c@Gm@tempcnt=\count95
\Gm@bindingoffset=\dimen111
\Gm@wd@mp=\dimen112
\Gm@odd@mp=\dimen113
\Gm@even@mp=\dimen114
\Gm@layoutwidth=\dimen115
\Gm@layoutheight=\dimen116
\Gm@layouthoffset=\dimen117
\Gm@layoutvoffset=\dimen118
\Gm@dimlist=\toks16
)
(c:/texlive/2016/texmf-dist/tex/latex/graphics/graphicx.sty
Package: graphicx 2014/10/28 v1.0g Enhanced LaTeX Graphics (DPC,SPQR)

(c:/texlive/2016/texmf-dist/tex/latex/graphics/graphics.sty
Package: graphics 2016/07/10 v1.0t Standard LaTeX Graphics (DPC,SPQR)

(c:/texlive/2016/texmf-dist/tex/latex/graphics/trig.sty
Package: trig 2016/01/03 v1.10 sin cos tan (DPC)
)
(c:/texlive/2016/texmf-dist/tex/latex/graphics-cfg/graphics.cfg
File: graphics.cfg 2016/06/04 v1.11 sample graphics configuration
)
Package graphics Info: Driver file: pdftex.def on input line 99.

(c:/texlive/2016/texmf-dist/tex/latex/graphics-def/pdftex.def
File: pdftex.def 2016/07/10 v0.06j Graphics/color for pdfTeX

(c:/texlive/2016/texmf-dist/tex/generic/oberdiek/infwarerr.sty
Package: infwarerr 2016/05/16 v1.4 Providing info/warning/error messages (HO)
)
(c:/texlive/2016/texmf-dist/tex/generic/oberdiek/ltxcmds.sty
Package: ltxcmds 2016/05/16 v1.23 LaTeX kernel commands for general use (HO)
)
\Gread@gobject=\count96
))
\Gin@req@height=\dimen119
\Gin@req@width=\dimen120
)
(c:/texlive/2016/texmf-dist/tex/latex/hyperref/hyperref.sty
Package: hyperref 2016/06/24 v6.83q Hypertext links for LaTeX

(c:/texlive/2016/texmf-dist/tex/generic/oberdiek/hobsub-hyperref.sty
Package: hobsub-hyperref 2016/05/16 v1.14 Bundle oberdiek, subset hyperref (HO)


(c:/texlive/2016/texmf-dist/tex/generic/oberdiek/hobsub-generic.sty
Package: hobsub-generic 2016/05/16 v1.14 Bundle oberdiek, subset generic (HO)
Package: hobsub 2016/05/16 v1.14 Construct package bundles (HO)
Package hobsub Info: Skipping package `infwarerr' (already loaded).
Package hobsub Info: Skipping package `ltxcmds' (already loaded).
Package: ifluatex 2016/05/16 v1.4 Provides the ifluatex switch (HO)
Package ifluatex Info: LuaTeX not detected.
Package hobsub Info: Skipping package `ifvtex' (already loaded).
Package: intcalc 2016/05/16 v1.2 Expandable calculations with integers (HO)
Package hobsub Info: Skipping package `ifpdf' (already loaded).
Package: etexcmds 2016/05/16 v1.6 Avoid name clashes with e-TeX commands (HO)
Package etexcmds Info: Could not find \expanded.
(etexcmds)             That can mean that you are not using pdfTeX 1.50 or
(etexcmds)             that some package has redefined \expanded.
(etexcmds)             In the latter case, load this package earlier.
Package: kvsetkeys 2016/05/16 v1.17 Key value parser (HO)
Package: kvdefinekeys 2016/05/16 v1.4 Define keys (HO)
Package: pdftexcmds 2016/05/21 v0.22 Utility functions of pdfTeX for LuaTeX (HO
)
Package pdftexcmds Info: LuaTeX not detected.
Package pdftexcmds Info: \pdf@primitive is available.
Package pdftexcmds Info: \pdf@ifprimitive is available.
Package pdftexcmds Info: \pdfdraftmode found.
Package: pdfescape 2016/05/16 v1.14 Implements pdfTeX's escape features (HO)
Package: bigintcalc 2016/05/16 v1.4 Expandable calculations on big integers (HO
)
Package: bitset 2016/05/16 v1.2 Handle bit-vector datatype (HO)
Package: uniquecounter 2016/05/16 v1.3 Provide unlimited unique counter (HO)
)
Package hobsub Info: Skipping package `hobsub' (already loaded).
Package: letltxmacro 2016/05/16 v1.5 Let assignment for LaTeX macros (HO)
Package: hopatch 2016/05/16 v1.3 Wrapper for package hooks (HO)
Package: xcolor-patch 2016/05/16 xcolor patch
Package: atveryend 2016/05/16 v1.9 Hooks at the very end of document (HO)
Package atveryend Info: \enddocument detected (standard20110627).
Package: atbegshi 2016/06/09 v1.18 At begin shipout hook (HO)
Package: refcount 2016/05/16 v3.5 Data extraction from label references (HO)
Package: hycolor 2016/05/16 v1.8 Color options for hyperref/bookmark (HO)
)
(c:/texlive/2016/texmf-dist/tex/latex/oberdiek/auxhook.sty
Package: auxhook 2016/05/16 v1.4 Hooks for auxiliary files (HO)
)
(c:/texlive/2016/texmf-dist/tex/latex/oberdiek/kvoptions.sty
Package: kvoptions 2016/05/16 v3.12 Key value format for package options (HO)
)
\@linkdim=\dimen121
\Hy@linkcounter=\count97
\Hy@pagecounter=\count98

(c:/texlive/2016/texmf-dist/tex/latex/hyperref/pd1enc.def
File: pd1enc.def 2016/06/24 v6.83q Hyperref: PDFDocEncoding definition (HO)
)
\Hy@SavedSpaceFactor=\count99

(c:/texlive/2016/texmf-dist/tex/latex/latexconfig/hyperref.cfg
File: hyperref.cfg 2002/06/06 v1.2 hyperref configuration of TeXLive
)
Package hyperref Info: Hyper figures OFF on input line 4486.
Package hyperref Info: Link nesting OFF on input line 4491.
Package hyperref Info: Hyper index ON on input line 4494.
Package hyperref Info: Plain pages OFF on input line 4501.
Package hyperref Info: Backreferencing OFF on input line 4506.
Package hyperref Info: Implicit mode ON; LaTeX internals redefined.
Package hyperref Info: Bookmarks ON on input line 4735.
\c@Hy@tempcnt=\count100

(c:/texlive/2016/texmf-dist/tex/latex/url/url.sty
\Urlmuskip=\muskip10
Package: url 2013/09/16  ver 3.4  Verb mode for urls, etc.
)
LaTeX Info: Redefining \url on input line 5088.
\XeTeXLinkMargin=\dimen122
\Fld@menulength=\count101
\Field@Width=\dimen123
\Fld@charsize=\dimen124
Package hyperref Info: Hyper figures OFF on input line 6342.
Package hyperref Info: Link nesting OFF on input line 6347.
Package hyperref Info: Hyper index ON on input line 6350.
Package hyperref Info: backreferencing OFF on input line 6357.
Package hyperref Info: Link coloring OFF on input line 6362.
Package hyperref Info: Link coloring with OCG OFF on input line 6367.
Package hyperref Info: PDF/A mode OFF on input line 6372.
LaTeX Info: Redefining \ref on input line 6412.
LaTeX Info: Redefining \pageref on input line 6416.
\Hy@abspage=\count102
\c@Item=\count103
\c@Hfootnote=\count104
)

Package hyperref Message: Driver (autodetected): hpdftex.

(c:/texlive/2016/texmf-dist/tex/latex/hyperref/hpdftex.def
File: hpdftex.def 2016/06/24 v6.83q Hyperref driver for pdfTeX
\Fld@listcount=\count105
\c@bookmark@seq@number=\count106

(c:/texlive/2016/texmf-dist/tex/latex/oberdiek/rerunfilecheck.sty
Package: rerunfilecheck 2016/05/16 v1.8 Rerun checks for auxiliary files (HO)
Package uniquecounter Info: New unique counter `rerunfilecheck' on input line 2
82.
)
\Hy@SectionHShift=\skip44
)
(c:/texlive/2016/texmf-dist/tex/latex/pdfpages/pdfpages.sty
Package: pdfpages 2016/04/19 v0.5f Insert pages of external PDF documents (AM)

(c:/texlive/2016/texmf-dist/tex/latex/base/ifthen.sty
Package: ifthen 2014/09/29 v1.1c Standard LaTeX ifthen package (DPC)
)
(c:/texlive/2016/texmf-dist/tex/latex/tools/calc.sty
Package: calc 2014/10/28 v4.3 Infix arithmetic (KKT,FJ)
\calc@Acount=\count107
\calc@Bcount=\count108
\calc@Adimen=\dimen125
\calc@Bdimen=\dimen126
\calc@Askip=\skip45
\calc@Bskip=\skip46
LaTeX Info: Redefining \setlength on input line 80.
LaTeX Info: Redefining \addtolength on input line 81.
\calc@Ccount=\count109
\calc@Cskip=\skip47
)
(c:/texlive/2016/texmf-dist/tex/latex/eso-pic/eso-pic.sty
Package: eso-pic 2015/07/21 v2.0g eso-pic (RN)

(c:/texlive/2016/texmf-dist/tex/latex/xcolor/xcolor.sty
Package: xcolor 2016/05/11 v2.12 LaTeX color extensions (UK)

(c:/texlive/2016/texmf-dist/tex/latex/graphics-cfg/color.cfg
File: color.cfg 2016/01/02 v1.6 sample color configuration
)
Package xcolor Info: Driver file: pdftex.def on input line 225.
Package xcolor Info: Model `cmy' substituted by `cmy0' on input line 1348.
Package xcolor Info: Model `hsb' substituted by `rgb' on input line 1352.
Package xcolor Info: Model `RGB' extended on input line 1364.
Package xcolor Info: Model `HTML' substituted by `rgb' on input line 1366.
Package xcolor Info: Model `Hsb' substituted by `hsb' on input line 1367.
Package xcolor Info: Model `tHsb' substituted by `hsb' on input line 1368.
Package xcolor Info: Model `HSB' substituted by `hsb' on input line 1369.
Package xcolor Info: Model `Gray' substituted by `gray' on input line 1370.
Package xcolor Info: Model `wave' substituted by `hsb' on input line 1371.
))
\AM@pagewidth=\dimen127
\AM@pageheight=\dimen128

(c:/texlive/2016/texmf-dist/tex/latex/pdfpages/pppdftex.def
File: pppdftex.def 2016/04/19 v0.5f Pdfpages driver for pdfTeX (AM)
)
\AM@pagebox=\box28
\AM@global@opts=\toks17
\AM@toc@title=\toks18
\c@AM@survey=\count110
\AM@templatesizebox=\box29
)
(c:/texlive/2016/texmf-dist/tex/latex/psnfss/times.sty
Package: times 2005/04/12 PSNFSS-v9.2a (SPQR) 
)
(c:/texlive/2016/texmf-dist/tex/latex/wrapfig/wrapfig.sty
\wrapoverhang=\dimen129
\WF@size=\dimen130
\c@WF@wrappedlines=\count111
\WF@box=\box30
\WF@everypar=\toks19
Package: wrapfig 2003/01/31  v 3.6
) (./mproj.aux)
\openout1 = `mproj.aux'.

LaTeX Font Info:    Checking defaults for OML/cmm/m/it on input line 26.
LaTeX Font Info:    ... okay on input line 26.
LaTeX Font Info:    Checking defaults for T1/cmr/m/n on input line 26.
LaTeX Font Info:    ... okay on input line 26.
LaTeX Font Info:    Checking defaults for OT1/cmr/m/n on input line 26.
LaTeX Font Info:    ... okay on input line 26.
LaTeX Font Info:    Checking defaults for OMS/cmsy/m/n on input line 26.
LaTeX Font Info:    ... okay on input line 26.
LaTeX Font Info:    Checking defaults for OMX/cmex/m/n on input line 26.
LaTeX Font Info:    ... okay on input line 26.
LaTeX Font Info:    Checking defaults for U/cmr/m/n on input line 26.
LaTeX Font Info:    ... okay on input line 26.
LaTeX Font Info:    Checking defaults for PD1/pdf/m/n on input line 26.
LaTeX Font Info:    ... okay on input line 26.
LaTeX Font Info:    Try loading font information for OT1+ptm on input line 26.

(c:/texlive/2016/texmf-dist/tex/latex/psnfss/ot1ptm.fd
File: ot1ptm.fd 2001/06/04 font definitions for OT1/ptm.
)
Package caption Info: Begin \AtBeginDocument code.
Package caption Info: hyperref package is loaded.
Package caption Info: wrapfig package is loaded.
Package caption Info: End \AtBeginDocument code.

*geometry* driver: auto-detecting
*geometry* detected driver: pdftex
*geometry* verbose mode - [ preamble ] result:
* driver: pdftex
* paper: a4paper
* layout: <same size as paper>
* layoutoffset:(h,v)=(0.0pt,0.0pt)
* modes: 
* h-part:(L,W,R)=(89.62709pt, 418.25368pt, 89.6271pt)
* v-part:(T,H,B)=(101.40665pt, 591.5302pt, 152.11pt)
* \paperwidth=597.50787pt
* \paperheight=845.04684pt
* \textwidth=418.25368pt
* \textheight=591.5302pt
* \oddsidemargin=17.3571pt
* \evensidemargin=17.3571pt
* \topmargin=-7.86334pt
* \headheight=12.0pt
* \headsep=25.0pt
* \topskip=11.0pt
* \footskip=30.0pt
* \marginparwidth=50.0pt
* \marginparsep=10.0pt
* \columnsep=10.0pt
* \skip\footins=10.0pt plus 4.0pt minus 2.0pt
* \hoffset=0.0pt
* \voffset=0.0pt
* \mag=1000
* \@twocolumnfalse
* \@twosidefalse
* \@mparswitchfalse
* \@reversemarginfalse
* (1in=72.27pt=25.4mm, 1cm=28.453pt)

(c:/texlive/2016/texmf-dist/tex/context/base/mkii/supp-pdf.mkii
[Loading MPS to PDF converter (version 2006.09.02).]
\scratchcounter=\count112
\scratchdimen=\dimen131
\scratchbox=\box31
\nofMPsegments=\count113
\nofMParguments=\count114
\everyMPshowfont=\toks20
\MPscratchCnt=\count115
\MPscratchDim=\dimen132
\MPnumerator=\count116
\makeMPintoPDFobject=\count117
\everyMPtoPDFconversion=\toks21
) (c:/texlive/2016/texmf-dist/tex/latex/oberdiek/epstopdf-base.sty
Package: epstopdf-base 2016/05/15 v2.6 Base part for package epstopdf

(c:/texlive/2016/texmf-dist/tex/latex/oberdiek/grfext.sty
Package: grfext 2016/05/16 v1.2 Manage graphics extensions (HO)
)
Package epstopdf-base Info: Redefining graphics rule for `.eps' on input line 4
38.
Package grfext Info: Graphics extension search list:
(grfext)             [.png,.pdf,.jpg,.mps,.jpeg,.jbig2,.jb2,.PNG,.PDF,.JPG,.JPE
G,.JBIG2,.JB2,.eps]
(grfext)             \AppendGraphicsExtensions on input line 456.

(c:/texlive/2016/texmf-dist/tex/latex/latexconfig/epstopdf-sys.cfg
File: epstopdf-sys.cfg 2010/07/13 v1.3 Configuration of (r)epstopdf for TeX Liv
e
))
\AtBeginShipoutBox=\box32
Package hyperref Info: Link coloring OFF on input line 26.

(c:/texlive/2016/texmf-dist/tex/latex/hyperref/nameref.sty
Package: nameref 2016/05/21 v2.44 Cross-referencing by name of section

(c:/texlive/2016/texmf-dist/tex/generic/oberdiek/gettitlestring.sty
Package: gettitlestring 2016/05/16 v1.5 Cleanup title references (HO)
)
\c@section@level=\count118
)
LaTeX Info: Redefining \ref on input line 26.
LaTeX Info: Redefining \pageref on input line 26.
LaTeX Info: Redefining \nameref on input line 26.

(./mproj.out) (./mproj.out)
\@outlinefile=\write4
\openout4 = `mproj.out'.


(c:/texlive/2016/texmf-dist/tex/latex/oberdiek/pdflscape.sty
Package: pdflscape 2016/05/14 v0.11 Display of landscape pages in PDF (HO)

(c:/texlive/2016/texmf-dist/tex/latex/graphics/lscape.sty
Package: lscape 2000/10/22 v3.01 Landscape Pages (DPC)
)
Package pdflscape Info: Auto-detected driver: pdftex on input line 81.
)
<images/CompSci_colour.pdf, id=176, 340.27126pt x 49.18375pt>
File: images/CompSci_colour.pdf Graphic file (type pdf)

<use images/CompSci_colour.pdf>
Package pdftex.def Info: images/CompSci_colour.pdf used on input line 34.
(pdftex.def)             Requested size: 300.43684pt x 9.35004pt.
LaTeX Font Info:    Font shape `OT1/ptm/bx/n' in size <14.4> not available
(Font)              Font shape `OT1/ptm/b/n' tried instead on input line 34.
LaTeX Font Info:    Font shape `OT1/ptm/bx/n' in size <24.88> not available
(Font)              Font shape `OT1/ptm/b/n' tried instead on input line 34.
LaTeX Font Info:    External font `cmex10' loaded for size
(Font)              <20.74> on input line 34.
LaTeX Font Info:    External font `cmex10' loaded for size
(Font)              <14.4> on input line 34.
LaTeX Font Info:    External font `cmex10' loaded for size
(Font)              <12> on input line 34.
LaTeX Font Info:    External font `cmex10' loaded for size
(Font)              <7> on input line 34.
 [1

{c:/texlive/2016/texmf-var/fonts/map/pdftex/updmap/pdftex.map} <./images/CompSc
i_colour.pdf>]
LaTeX Font Info:    Font shape `OT1/ptm/bx/n' in size <10.95> not available
(Font)              Font shape `OT1/ptm/b/n' tried instead on input line 37.
pdfTeX warning (ext4): destination with the same identifier (name{page.1}) has 
been already used, duplicate ignored
<to be read again> 
                   \relax 
l.39 \end{abstract}
                    [1]
LaTeX Font Info:    External font `cmex10' loaded for size
(Font)              <10.95> on input line 44.
LaTeX Font Info:    External font `cmex10' loaded for size
(Font)              <8> on input line 44.
LaTeX Font Info:    External font `cmex10' loaded for size
(Font)              <6> on input line 44.
 [1] [2] (./mproj.toc [3

] [4])
\tf@toc=\write5
\openout5 = `mproj.toc'.

 [5]
Chapter 1.
LaTeX Font Info:    Font shape `OT1/ptm/bx/n' in size <20.74> not available
(Font)              Font shape `OT1/ptm/b/n' tried instead on input line 61.
pdfTeX warning (ext4): destination with the same identifier (name{page.1}) has 
been already used, duplicate ignored
<to be read again> 
                   \relax 
l.68 \chapter
             {Background Survey}\label{survey} [1

]
Chapter 2.
[2

]
Overfull \hbox (11.92433pt too wide) in paragraph at lines 88--89
\OT1/ptm/m/n/10.95 sity of Ex-eter) con-ducted a study of the au-thor's work. [
[]] [[]]
 []

LaTeX Font Info:    Font shape `OT1/ptm/bx/n' in size <12> not available
(Font)              Font shape `OT1/ptm/b/n' tried instead on input line 102.
[3] <images/whoisthekiller_icon.png, id=279, 301.125pt x 301.125pt>
File: images/whoisthekiller_icon.png Graphic file (type png)

<use images/whoisthekiller_icon.png>
Package pdftex.def Info: images/whoisthekiller_icon.png used on input line 109.

(pdftex.def)             Requested size: 75.28105pt x 75.28105pt.

<images/criminalcase_icon.png, id=282, 301.125pt x 301.125pt>
File: images/criminalcase_icon.png Graphic file (type png)

<use images/criminalcase_icon.png>
Package pdftex.def Info: images/criminalcase_icon.png used on input line 119.
(pdftex.def)             Requested size: 75.28105pt x 75.28105pt.

Underfull \hbox (badness 2351) in paragraph at lines 124--124
\OT1/ptm/m/n/10.95 com-pany called Pretty Sim-ple. First re-leased in 2012 on F
ace-
 []


Underfull \hbox (badness 1275) in paragraph at lines 124--124
\OT1/ptm/m/n/10.95 book, the de-vel-op-ers team later launched an iOS ver-sion 
in 2014.
 []


Underfull \hbox (badness 2096) in paragraph at lines 124--124
\OT1/ptm/m/n/10.95 The An-droid ver-sion came out about a year af-ter that. In 
this
 []


Underfull \hbox (badness 1596) in paragraph at lines 124--124
\OT1/ptm/m/n/10.95 of the in-ves-ti-ga-tion of sev-eral crimes. Each ac-tiv-ity
 re-quires en-
 []


Underfull \hbox (badness 1248) in paragraph at lines 124--124
\OT1/ptm/m/n/10.95 ergy that can be earned by com-plet-ing the tasks as fast as
 pos-si-
 []


Underfull \hbox (badness 10000) in paragraph at lines 124--124

 []

[4 <./images/whoisthekiller_icon.png> <./images/criminalcase_icon.png>]
Chapter 3.
LaTeX Font Info:    External font `cmex10' loaded for size
(Font)              <9> on input line 139.
LaTeX Font Info:    External font `cmex10' loaded for size
(Font)              <5> on input line 139.
[5

]
LaTeX Font Info:    Try loading font information for OMS+ptm on input line 159.

 (c:/texlive/2016/texmf-dist/tex/latex/psnfss/omsptm.fd
File: omsptm.fd 
)
LaTeX Font Info:    Font shape `OMS/ptm/m/n' in size <10.95> not available
(Font)              Font shape `OMS/cmsy/m/n' tried instead on input line 159.
 [6]
Chapter 4.
[7

] <images/design_diagram.png, id=340, 846.16125pt x 362.35374pt>
File: images/design_diagram.png Graphic file (type png)

<use images/design_diagram.png>
Package pdftex.def Info: images/design_diagram.png used on input line 209.
(pdftex.def)             Requested size: 418.25368pt x 179.10855pt.

<images/system_architecture.png, id=344, 624.3325pt x 108.405pt>
File: images/system_architecture.png Graphic file (type png)

<use images/system_architecture.png>
Package pdftex.def Info: images/system_architecture.png used on input line 223.

(pdftex.def)             Requested size: 418.25368pt x 72.62434pt.


LaTeX Warning: `h' float specifier changed to `ht'.

[8 <./images/design_diagram.png>] [9 <./images/system_architecture.png>]
Chapter 5.
<images/weka_logo.png, id=365, 119.2455pt x 62.634pt>
File: images/weka_logo.png Graphic file (type png)

<use images/weka_logo.png>
Package pdftex.def Info: images/weka_logo.png used on input line 257.
(pdftex.def)             Requested size: 71.54784pt x 37.58067pt.


Package wrapfig Warning: Stationary wrapfigure forced to float on input line 26
2.

[10

 <./images/weka_logo.png>]
LaTeX Font Info:    Try loading font information for OT1+pcr on input line 273.


(c:/texlive/2016/texmf-dist/tex/latex/psnfss/ot1pcr.fd
File: ot1pcr.fd 2001/06/04 font definitions for OT1/pcr.
)
<images/android_logo.png, id=380, 328.5pt x 384.345pt>
File: images/android_logo.png Graphic file (type png)

<use images/android_logo.png>
Package pdftex.def Info: images/android_logo.png used on input line 279.
(pdftex.def)             Requested size: 49.27287pt x 57.64926pt.

Underfull \hbox (badness 1565) in paragraph at lines 280--280
[]\OT1/ptm/b/n/10.95 Figure 5.2: |\OT1/ptm/m/n/10.95 An-
 []


Package wrapfig Warning: Stationary wrapfigure forced to float on input line 28
4.

[11 <./images/android_logo.png>] [12]
<images/app_launching_diagram.png, id=407, 949.5475pt x 518.93875pt>
File: images/app_launching_diagram.png Graphic file (type png)

<use images/app_launching_diagram.png>
Package pdftex.def Info: images/app_launching_diagram.png used on input line 32
9.
(pdftex.def)             Requested size: 418.25368pt x 228.57922pt.

<images/wrong_prediction_diagram.png, id=409, 949.5475pt x 398.48875pt>
File: images/wrong_prediction_diagram.png Graphic file (type png)

<use images/wrong_prediction_diagram.png>
Package pdftex.def Info: images/wrong_prediction_diagram.png used on input line
 337.
(pdftex.def)             Requested size: 418.25368pt x 150.45866pt.


LaTeX Warning: `h' float specifier changed to `ht'.

[13 <./images/app_launching_diagram.png>] [14 <./images/wrong_prediction_diagra
m.png>]
Chapter 6.
[15

]
Chapter 7.
[16

] [17] (./mproj.bbl [18]
Underfull \hbox (badness 6094) in paragraph at lines 11--15
[]\OT1/ptm/m/n/10.95 Android.  Pack-age in-dex.  []$\OT1/pcr/m/n/10.95 https : 
/ / developer . android . com /
 []


Underfull \hbox (badness 2229) in paragraph at lines 17--21
[]\OT1/ptm/m/n/10.95 Android.  Projects overview.  []$\OT1/pcr/m/n/10.95 https 
: / / developer . android . com /
 []


Underfull \hbox (badness 10000) in paragraph at lines 52--57
[]\OT1/ptm/m/n/10.95 Morrill, D. (2008).  An-nounc-ing the an-droid 1.0 sdk, re
-lease
 []


Underfull \hbox (badness 10000) in paragraph at lines 52--57
\OT1/ptm/m/n/10.95 1.  []$\OT1/pcr/m/n/10.95 http : / / android-[]developers . 
blogspot . co . uk / 2008 / 09 /
 []


Underfull \hbox (badness 1810) in paragraph at lines 52--57
\OT1/pcr/m/n/10.95 announcing-[]android-[]10-[]sdk-[]release-[]1 . html$[]\OT1/
ptm/m/n/10.95 .  [Ac-cessed on 21 Au-gust
 []


Underfull \hbox (badness 1558) in paragraph at lines 59--64
[]\OT1/ptm/m/n/10.95 Ng, A. (2010).  Ma-chine learn-ing course.  []$\OT1/pcr/m/
n/10.95 http : / / openclassroom .
 []


Underfull \hbox (badness 10000) in paragraph at lines 59--64
\OT1/pcr/m/n/10.95 stanford . edu / MainFolder / CoursePage . php ? course = Ma
chineLearning$[]\OT1/ptm/m/n/10.95 .
 []

[19

]
Underfull \hbox (badness 10000) in paragraph at lines 74--78
[]\OT1/ptm/m/n/10.95 Pretty Sim-ple (2012).  Crim-i-nal case.  []$\OT1/pcr/m/n/
10.95 http : / / www .
 []


Underfull \hbox (badness 10000) in paragraph at lines 80--84
[]\OT1/ptm/m/n/10.95 Queen's Uni-ver-sity (2015).  Queen's aca-demic helps
 []


Underfull \hbox (badness 10000) in paragraph at lines 80--84
\OT1/ptm/m/n/10.95 crack agatha christie 'who-dun-nit' mys-tery.  []$\OT1/pcr/m
/n/10.95 https : / / daro . qub . ac . uk /
 []


Underfull \hbox (badness 2591) in paragraph at lines 114--118
[]\OT1/ptm/m/n/10.95 Wikipedia (2010).  Agatha christie bib-li-og-ra-phy.  []$\
OT1/pcr/m/n/10.95 https : / / en .
 []

) [20]
Appendix A.

Overfull \hbox (24.22061pt too wide) in paragraph at lines 424--491
\OT1/ptm/m/n/10.95 `The Mys-tery of the Blue Train',1928,`Hercule Poirot',Inter
national,Third,Strangling,3.75,17262,F,M 
 []


Overfull \hbox (34.95157pt too wide) in paragraph at lines 424--491
\OT1/ptm/m/n/10.95 `Murder on the Ori-ent Ex-press',1934,`Hercule Poirot',Inter
national,Third,Stabbing,4.13,136560,M,Lots 
 []


Overfull \hbox (0.13046pt too wide) in paragraph at lines 424--491
\OT1/ptm/m/n/10.95 `Murder in Mesopotamia',1936,`Hercule Poirot',International,
First,Concussion,3.84,20756,F,M 
 []


Underfull \hbox (badness 10000) in paragraph at lines 424--491

 []

[21

] [22] [23]
Appendix B.
Package atveryend Info: Empty hook `BeforeClearDocument' on input line 495.
[24

]
Package atveryend Info: Empty hook `AfterLastShipout' on input line 495.
 (./mproj.aux)
Package atveryend Info: Executing hook `AtVeryEndDocument' on input line 495.
Package atveryend Info: Executing hook `AtEndAfterFileList' on input line 495.
Package rerunfilecheck Info: File `mproj.out' has not changed.
(rerunfilecheck)             Checksum: 5243C64EF27CB88E48DAD608B2F31036;2675.
Package atveryend Info: Empty hook `AtVeryVeryEnd' on input line 495.
 ) 
Here is how much of TeX's memory you used:
 8844 strings out of 493013
 134641 string characters out of 6136993
 234077 words of memory out of 5000000
 12133 multiletter control sequences out of 15000+600000
 32984 words of font info for 67 fonts, out of 8000000 for 9000
 1141 hyphenation exceptions out of 8191
 37i,8n,39p,1151b,429s stack positions out of 5000i,500n,10000p,200000b,80000s
{c:/texlive/2016/texmf-dist/fonts/enc/dvips/base/8r.enc}<c:/texlive/2016/texm
f-dist/fonts/type1/public/amsfonts/cm/cmsy10.pfb><c:/texlive/2016/texmf-dist/fo
nts/type1/urw/courier/ucrr8a.pfb><c:/texlive/2016/texmf-dist/fonts/type1/urw/ti
mes/utmb8a.pfb><c:/texlive/2016/texmf-dist/fonts/type1/urw/times/utmr8a.pfb><c:
/texlive/2016/texmf-dist/fonts/type1/urw/times/utmri8a.pfb>
Output written on mproj.pdf (31 pages, 614467 bytes).
PDF statistics:
 547 PDF objects out of 1000 (max. 8388607)
 487 compressed objects within 5 object streams
 131 named destinations out of 1000 (max. 500000)
 390 words of extra memory for PDF output out of 10000 (max. 10000000)

